<?xml version="1.0" encoding="UTF-8"?>
<testng-results ignored="0" total="2" passed="2" failed="0" skipped="0">
  <reporter-output>
  </reporter-output>
  <suite started-at="2023-12-07T19:44:52 IST" name="Suite" finished-at="2023-12-07T19:44:53 IST" duration-ms="335">
    <groups>
    </groups>
    <test started-at="2023-12-07T19:44:52 IST" name="Test" finished-at="2023-12-07T19:44:53 IST" duration-ms="335">
      <class name="testCases.Test1">
        <test-method signature="verifyTitle()[pri:0, instance:testCases.Test1@33d512c1]" started-at="2023-12-07T19:44:52 IST" name="verifyTitle" finished-at="2023-12-07T19:44:53 IST" duration-ms="173" status="PASS">
          <reporter-output>
          </reporter-output>
        </test-method> <!-- verifyTitle -->
        <test-method signature="verifyURL()[pri:0, instance:testCases.Test1@33d512c1]" started-at="2023-12-07T19:44:53 IST" name="verifyURL" finished-at="2023-12-07T19:44:53 IST" duration-ms="58" status="PASS">
          <reporter-output>
          </reporter-output>
        </test-method> <!-- verifyURL -->
      </class> <!-- testCases.Test1 -->
      <class name="base.BaseTest">
        <test-method is-config="true" signature="setUp()[pri:0, instance:base.BaseTest@47eaca72]" started-at="2023-12-07T19:44:41 IST" name="setUp" finished-at="2023-12-07T19:44:52 IST" duration-ms="11033" status="PASS">
          <reporter-output>
          </reporter-output>
        </test-method> <!-- setUp -->
        <test-method is-config="true" signature="tearDown()[pri:0, instance:base.BaseTest@47eaca72]" started-at="2023-12-07T19:44:53 IST" name="tearDown" finished-at="2023-12-07T19:44:53 IST" duration-ms="483" status="PASS">
          <reporter-output>
          </reporter-output>
        </test-method> <!-- tearDown -->
      </class> <!-- base.BaseTest -->
    </test> <!-- Test -->
  </suite> <!-- Suite -->
</testng-results>
