<?xml version="1.0" encoding="UTF-8"?>
<!-- Generated by org.testng.reporters.JUnitXMLReporter -->
<testsuite ignored="2" hostname="DESKTOP-P577LMI" failures="0" tests="2" name="Test" time="0.335" errors="0" timestamp="2023-12-07T19:44:53 IST">
  <testcase classname="testCases.Test1" name="verifyTitle" time="0.173"/>
  <testcase classname="testCases.Test1" name="verifyURL" time="0.058"/>
  <testcase classname="base.BaseTest" name="@BeforeSuite setUp" time="0.0">
    <ignored/>
  </testcase> <!-- @BeforeSuite setUp -->
  <testcase classname="base.BaseTest" name="@AfterSuite tearDown" time="0.0">
    <ignored/>
  </testcase> <!-- @AfterSuite tearDown -->
</testsuite> <!-- Test -->
